{"level":"info","message":"Connected to DB","timestamp":"2025-05-20T12:19:23.192Z"}
{"level":"info","message":"Server started at port 8080","timestamp":"2025-05-20T12:19:23.194Z"}
{"level":"error","message":"Validation error occured on user data","timestamp":"2025-05-20T12:20:45.718Z"}
{"level":"info","message":"Connected to DB","timestamp":"2025-05-20T12:24:10.735Z"}
{"level":"info","message":"Server started at port 8080","timestamp":"2025-05-20T12:24:10.737Z"}
{"level":"info","message":"Connected to DB","timestamp":"2025-05-20T12:24:21.621Z"}
{"level":"info","message":"Server started at port 8080","timestamp":"2025-05-20T12:24:21.623Z"}
{"level":"error","message":"Validation error occured on user data","timestamp":"2025-05-20T12:24:25.583Z"}
{"level":"info","message":"Connected to DB","timestamp":"2025-05-20T12:26:52.590Z"}
{"level":"info","message":"Server started at port 8080","timestamp":"2025-05-20T12:26:52.591Z"}
{"level":"error","message":"Validation error occured on user data","timestamp":"2025-05-20T12:26:55.870Z"}
{"level":"info","message":"Validated the user data","timestamp":"2025-05-20T12:31:04.358Z"}
{"level":"info","message":"User data saved to DB","timestamp":"2025-05-20T12:31:04.490Z"}
{"level":"info","message":"Connected to DB","timestamp":"2025-05-20T14:03:12.682Z"}
{"level":"info","message":"Server started at port 8080","timestamp":"2025-05-20T14:03:12.684Z"}
{"level":"error","message":"Validation error occured on user data","timestamp":"2025-05-20T14:05:34.189Z"}
{"level":"info","message":"Connected to DB","timestamp":"2025-05-20T16:40:49.730Z"}
{"level":"info","message":"Server started at port 8080","timestamp":"2025-05-20T16:40:49.732Z"}
{"level":"info","message":"Validated the user data","timestamp":"2025-05-20T16:41:51.643Z"}
{"level":"info","message":"User data saved to DB","timestamp":"2025-05-20T16:41:51.767Z"}
{"level":"info","message":"Validated the user data","timestamp":"2025-05-20T16:42:41.190Z"}
{"level":"info","message":"User data saved to DB","timestamp":"2025-05-20T16:42:41.284Z"}
{"level":"info","message":"Validated the user data","timestamp":"2025-05-20T16:42:50.194Z"}
{"level":"info","message":"User data saved to DB","timestamp":"2025-05-20T16:42:50.278Z"}
{"level":"info","message":"Connected to DB","timestamp":"2025-05-20T16:57:08.291Z"}
{"level":"info","message":"Server started at port 8080","timestamp":"2025-05-20T16:57:08.295Z"}
{"level":"info","message":"Validated the user data","timestamp":"2025-05-20T16:57:12.404Z"}
{"level":"info","message":"User data saved to DB","timestamp":"2025-05-20T16:57:12.489Z"}
{"level":"info","message":"Validated the user data","timestamp":"2025-05-20T16:57:15.188Z"}
{"level":"error","message":"User already exist in DB","timestamp":"2025-05-20T16:57:15.191Z"}
{"level":"info","message":"Connected to DB","timestamp":"2025-05-20T17:30:07.140Z"}
{"level":"info","message":"Server started at port 8080","timestamp":"2025-05-20T17:30:07.143Z"}
{"level":"info","message":"Session Id cookie placed","timestamp":"2025-05-20T17:31:13.598Z"}
{"level":"info","message":"Connected to DB","timestamp":"2025-05-20T18:05:48.535Z"}
{"level":"info","message":"Server started at port 8080","timestamp":"2025-05-20T18:05:48.537Z"}
{"level":"info","message":"Connected to DB","timestamp":"2025-05-20T18:08:25.906Z"}
{"level":"info","message":"Server started at port 8080","timestamp":"2025-05-20T18:08:25.908Z"}
{"level":"info","message":"Session Id cookie placed","timestamp":"2025-05-20T18:08:39.483Z"}
{"level":"info","message":"Connected to DB","timestamp":"2025-05-20T18:10:10.076Z"}
{"level":"info","message":"Server started at port 8080","timestamp":"2025-05-20T18:10:10.078Z"}
{"level":"info","message":"Session Id cookie placed","timestamp":"2025-05-20T18:10:16.477Z"}
{"level":"info","message":"Connected to DB","timestamp":"2025-05-20T18:13:30.071Z"}
{"level":"info","message":"Server started at port 8080","timestamp":"2025-05-20T18:13:30.073Z"}
{"level":"info","message":{"cookies":{}},"timestamp":"2025-05-20T18:13:35.814Z"}
{"level":"error","message":"Session id is missing in cookies","timestamp":"2025-05-20T18:13:35.814Z"}
{"level":"info","message":"Connected to DB","timestamp":"2025-05-20T18:16:42.890Z"}
{"level":"info","message":"Server started at port 8080","timestamp":"2025-05-20T18:16:42.892Z"}
{"level":"info","message":{"endpoint":"/api/v1/auth/login"},"timestamp":"2025-05-20T18:17:12.579Z"}
{"level":"info","message":"Session Id cookie placed","timestamp":"2025-05-20T18:17:12.679Z"}
{"level":"info","message":{"endpoint":"/api/v1/sensitive/me"},"timestamp":"2025-05-20T18:17:25.128Z"}
{"level":"info","message":{"cookies":{}},"timestamp":"2025-05-20T18:17:25.128Z"}
{"level":"error","message":"Session id is missing in cookies","timestamp":"2025-05-20T18:17:25.129Z"}
{"level":"info","message":"Connected to DB","timestamp":"2025-05-20T18:18:22.406Z"}
{"level":"info","message":"Server started at port 8080","timestamp":"2025-05-20T18:18:22.408Z"}
{"level":"info","message":"Connected to DB","timestamp":"2025-05-21T20:08:59.392Z"}
{"level":"info","message":"Server started at port 8080","timestamp":"2025-05-21T20:08:59.396Z"}
{"level":"info","message":{"endpoint":"/api/v1/auth/login"},"timestamp":"2025-05-21T20:09:09.844Z"}
{"level":"info","message":{"endpoint":"/api/v1/sensitive/me"},"timestamp":"2025-05-21T20:09:53.049Z"}
{"level":"info","message":{"endpoint":"/api/v1/sensitive/me"},"timestamp":"2025-05-21T20:10:48.190Z"}
{"level":"error","message":"Authorization header is missing","timestamp":"2025-05-21T20:10:48.190Z"}
{"level":"info","message":{"endpoint":"/api/v1/sensitive/me"},"timestamp":"2025-05-21T20:10:57.132Z"}
{"level":"info","message":{"endpoint":"/api/v1/sensitive/me"},"timestamp":"2025-05-21T20:12:06.156Z"}
{"level":"info","message":"Connected to DB","timestamp":"2025-05-21T20:15:39.589Z"}
{"level":"info","message":"Server started at port 8080","timestamp":"2025-05-21T20:15:39.592Z"}
{"level":"info","message":"Connected to DB","timestamp":"2025-05-21T20:16:01.062Z"}
{"level":"info","message":"Server started at port 8080","timestamp":"2025-05-21T20:16:01.064Z"}
{"level":"info","message":{"endpoint":"/api/v1/sensitive/me"},"timestamp":"2025-05-21T20:16:08.437Z"}
{"level":"info","message":{"endpoint":"/api/v1/auth/login"},"timestamp":"2025-05-21T20:16:20.468Z"}
{"level":"info","message":{"endpoint":"/api/v1/sensitive/me"},"timestamp":"2025-05-21T20:16:34.368Z"}
{"level":"info","message":"Connected to DB","timestamp":"2025-05-21T20:24:24.718Z"}
{"level":"info","message":"Server started at port 8080","timestamp":"2025-05-21T20:24:24.720Z"}
{"level":"info","message":{"endpoint":"/api/v1/auth/login"},"timestamp":"2025-05-21T20:24:38.562Z"}
{"level":"info","message":{"endpoint":"/api/v1/sensitive/me"},"timestamp":"2025-05-21T20:24:52.367Z"}
{"level":"info","message":{"endpoint":"/api/v1/sensitive/me"},"timestamp":"2025-05-21T20:25:05.785Z"}
{"level":"info","message":{"endpoint":"/api/v1/auth/refresh-token"},"timestamp":"2025-05-21T20:26:13.387Z"}
{"level":"info","message":{"endpoint":"/api/v1/sensitive/me"},"timestamp":"2025-05-21T20:26:25.056Z"}
{"level":"info","message":{"endpoint":"/api/v1/sensitive/me"},"timestamp":"2025-05-21T20:26:27.874Z"}
{"level":"info","message":{"endpoint":"/api/v1/sensitive/me"},"timestamp":"2025-05-21T20:26:28.810Z"}
{"level":"info","message":{"endpoint":"/api/v1/sensitive/me"},"timestamp":"2025-05-21T20:26:29.588Z"}
{"level":"info","message":{"endpoint":"/api/v1/sensitive/me"},"timestamp":"2025-05-21T20:26:32.855Z"}
{"level":"info","message":{"endpoint":"/api/v1/sensitive/me"},"timestamp":"2025-05-21T20:26:35.856Z"}
{"level":"info","message":{"endpoint":"/api/v1/sensitive/me"},"timestamp":"2025-05-21T20:26:36.739Z"}
{"level":"info","message":{"endpoint":"/api/v1/sensitive/me"},"timestamp":"2025-05-21T20:26:37.439Z"}
{"level":"info","message":{"endpoint":"/api/v1/sensitive/me"},"timestamp":"2025-05-21T20:27:03.148Z"}
{"level":"info","message":{"endpoint":"/api/v1/sensitive/me"},"timestamp":"2025-05-21T20:27:23.413Z"}
{"level":"info","message":"Connected to DB","timestamp":"2025-05-21T20:29:18.349Z"}
{"level":"info","message":"Server started at port 8080","timestamp":"2025-05-21T20:29:18.351Z"}
{"level":"info","message":{"endpoint":"/api/v1/auth/refresh-token"},"timestamp":"2025-05-21T20:29:23.346Z"}
{"level":"info","message":{"endpoint":"/api/v1/sensitive/me"},"timestamp":"2025-05-21T20:29:33.807Z"}
{"level":"info","message":{"endpoint":"/api/v1/auth/refresh-token"},"timestamp":"2025-05-21T20:29:37.693Z"}
{"level":"info","message":{"endpoint":"/api/v1/sensitive/me"},"timestamp":"2025-05-21T20:29:45.396Z"}
{"level":"info","message":{"endpoint":"/api/v1/sensitive/me"},"timestamp":"2025-05-21T20:29:47.388Z"}
{"level":"info","message":{"endpoint":"/api/v1/sensitive/me"},"timestamp":"2025-05-21T20:29:48.226Z"}
